[{"line":2,"elements":[{"start_timestamp":"2023-02-15T08:16:12.631Z","before":[{"result":{"duration":4174541000,"status":"passed"},"match":{"location":"org.example.stepDefs.Hooks.openBrowser()"}}],"line":5,"name":"Creating an account using valid data","description":"","id":"f02-login-|-users-could-use-login-functionality-to-use-their-accounts;creating-an-account-using-valid-data","after":[{"result":{"duration":3130823600,"status":"passed"},"match":{"location":"org.example.stepDefs.Hooks.quitDriver()"}}],"type":"scenario","keyword":"Scenario","steps":[{"result":{"duration":653133900,"status":"passed"},"line":6,"name":"User go to register page","match":{"location":"org.example.stepDefs.D01_registerStepDef.regPage()"},"keyword":"Given "},{"result":{"duration":43071300,"status":"passed"},"line":7,"name":"User select male gender","match":{"location":"org.example.stepDefs.D01_registerStepDef.userSelectMaleGender()"},"keyword":"When "},{"result":{"duration":107011500,"status":"passed"},"line":8,"name":"User enter \"Ramy\" & \"Fakir\"","match":{"arguments":[{"val":"\"Ramy\"","offset":11},{"val":"\"Fakir\"","offset":20}],"location":"org.example.stepDefs.D01_registerStepDef.userEnter(java.lang.String,java.lang.String)"},"keyword":"And "},{"result":{"duration":290561500,"status":"passed"},"line":9,"name":"User enter date of birth","match":{"location":"org.example.stepDefs.D01_registerStepDef.userEnterDateOfBirth()"},"keyword":"And "},{"result":{"duration":61152400,"status":"passed"},"line":10,"name":"User enter email \"test@example.com\"","match":{"arguments":[{"val":"\"test@example.com\"","offset":17}],"location":"org.example.stepDefs.D01_registerStepDef.userEnterEmail(java.lang.String)"},"keyword":"And "},{"result":{"duration":107316600,"status":"passed"},"line":11,"name":"User enter password \"p@ssw0rd\"","match":{"arguments":[{"val":"\"p@ssw0rd\"","offset":20}],"location":"org.example.stepDefs.D01_registerStepDef.userEnterPassword(java.lang.String)"},"keyword":"And "},{"result":{"duration":411695700,"status":"passed"},"line":12,"name":"User click on register button","match":{"location":"org.example.stepDefs.D01_registerStepDef.userClickOnRegisterButton()"},"keyword":"And "},{"result":{"error_message":"org.openqa.selenium.NoSuchElementException: no such element: Unable to locate element: {\"method\":\"css selector\",\"selector\":\".result\"}\n  (Session info: chrome=110.0.5481.100)\nFor documentation on this error, please visit: https://selenium.dev/exceptions/#no_such_element\nBuild info: version: '4.8.0', revision: '267030adea'\nSystem info: os.name: 'Windows 11', os.arch: 'amd64', os.version: '10.0', java.version: '19.0.1'\nDriver info: org.openqa.selenium.chrome.ChromeDriver\nCommand: [483917fdda0c5db0f35abf43e72041be, findElement {using=class name, value=result}]\nCapabilities {acceptInsecureCerts: false, browserName: chrome, browserVersion: 110.0.5481.100, chrome: {chromedriverVersion: 110.0.5481.77 (65ed616c6e8e..., userDataDir: C:\\Users\\Ramy\\AppData\\Local...}, goog:chromeOptions: {debuggerAddress: localhost:54620}, networkConnectionEnabled: false, pageLoadStrategy: normal, platformName: WINDOWS, proxy: Proxy(), se:cdp: ws://localhost:54620/devtoo..., se:cdpVersion: 110.0.5481.100, setWindowRect: true, strictFileInteractability: false, timeouts: {implicit: 0, pageLoad: 300000, script: 30000}, unhandledPromptBehavior: dismiss and notify, webauthn:extension:credBlob: true, webauthn:extension:largeBlob: true, webauthn:virtualAuthenticators: true}\nSession ID: 483917fdda0c5db0f35abf43e72041be\r\n\tat java.base/jdk.internal.reflect.DirectConstructorHandleAccessor.newInstance(DirectConstructorHandleAccessor.java:67)\r\n\tat java.base/java.lang.reflect.Constructor.newInstanceWithCaller(Constructor.java:500)\r\n\tat java.base/java.lang.reflect.Constructor.newInstance(Constructor.java:484)\r\n\tat org.openqa.selenium.remote.codec.w3c.W3CHttpResponseCodec.createException(W3CHttpResponseCodec.java:200)\r\n\tat org.openqa.selenium.remote.codec.w3c.W3CHttpResponseCodec.decode(W3CHttpResponseCodec.java:133)\r\n\tat org.openqa.selenium.remote.codec.w3c.W3CHttpResponseCodec.decode(W3CHttpResponseCodec.java:53)\r\n\tat org.openqa.selenium.remote.HttpCommandExecutor.execute(HttpCommandExecutor.java:184)\r\n\tat org.openqa.selenium.remote.service.DriverCommandExecutor.invokeExecute(DriverCommandExecutor.java:167)\r\n\tat org.openqa.selenium.remote.service.DriverCommandExecutor.execute(DriverCommandExecutor.java:142)\r\n\tat org.openqa.selenium.remote.RemoteWebDriver.execute(RemoteWebDriver.java:543)\r\n\tat org.openqa.selenium.remote.ElementLocation$ElementFinder$2.findElement(ElementLocation.java:162)\r\n\tat org.openqa.selenium.remote.ElementLocation.findElement(ElementLocation.java:66)\r\n\tat org.openqa.selenium.remote.RemoteWebDriver.findElement(RemoteWebDriver.java:352)\r\n\tat org.openqa.selenium.remote.RemoteWebDriver.findElement(RemoteWebDriver.java:344)\r\n\tat org.openqa.selenium.support.pagefactory.DefaultElementLocator.findElement(DefaultElementLocator.java:70)\r\n\tat org.openqa.selenium.support.pagefactory.internal.LocatingElementHandler.invoke(LocatingElementHandler.java:39)\r\n\tat jdk.proxy2/jdk.proxy2.$Proxy27.getText(Unknown Source)\r\n\tat org.example.stepDefs.D01_registerStepDef.accountIsCreatedSuccessfully(D01_registerStepDef.java:70)\r\n\tat ✽.account is created successfully(file:///D:/Study/Testing/FrontEndTesting/07_Web%20frontend%20UI%20testing/demonopcommerce/src/main/resources/Features/F02_Login.feature:13)\r\n","duration":10040912300,"status":"failed"},"line":13,"name":"account is created successfully","match":{"location":"org.example.stepDefs.D01_registerStepDef.accountIsCreatedSuccessfully()"},"keyword":"Then "}],"tags":[{"name":"@smoke"}]},{"start_timestamp":"2023-02-15T08:16:31.682Z","before":[{"result":{"duration":3441527500,"status":"passed"},"match":{"location":"org.example.stepDefs.Hooks.openBrowser()"}}],"line":16,"name":"user could login with valid email and password","description":"","id":"f02-login-|-users-could-use-login-functionality-to-use-their-accounts;user-could-login-with-valid-email-and-password","after":[{"result":{"duration":3124576400,"status":"passed"},"match":{"location":"org.example.stepDefs.Hooks.quitDriver()"}}],"type":"scenario","keyword":"Scenario","steps":[{"result":{"duration":1214580900,"status":"passed"},"line":17,"name":"user go to login page","match":{"location":"org.example.stepDefs.D02_loginStepDef.loginLink()"},"keyword":"Given "},{"result":{"duration":103393700,"status":"passed"},"line":18,"name":"user login with valid \"test@example.com\" and \"P@ssw0rd\"","match":{"arguments":[{"val":"\"test@example.com\"","offset":22},{"val":"\"P@ssw0rd\"","offset":45}],"location":"org.example.stepDefs.D02_loginStepDef.userLoginWithValidAnd(java.lang.String,java.lang.String)"},"keyword":"When "},{"result":{"duration":468737300,"status":"passed"},"line":19,"name":"user press on login button","match":{"location":"org.example.stepDefs.D02_loginStepDef.userPressOnLoginButton()"},"keyword":"And "},{"result":{"error_message":"java.lang.AssertionError: The following asserts failed:\n\texpected [https://demo.nopcommerce.com/] but found [https://demo.nopcommerce.com/login?returnurl=%2F]\r\n\tat org.testng.asserts.SoftAssert.assertAll(SoftAssert.java:46)\r\n\tat org.testng.asserts.SoftAssert.assertAll(SoftAssert.java:30)\r\n\tat org.example.stepDefs.D02_loginStepDef.userLoginToTheSystemSuccessfully(D02_loginStepDef.java:45)\r\n\tat ✽.user login to the system successfully(file:///D:/Study/Testing/FrontEndTesting/07_Web%20frontend%20UI%20testing/demonopcommerce/src/main/resources/Features/F02_Login.feature:20)\r\n","duration":44707600,"status":"failed"},"line":20,"name":"user login to the system successfully","match":{"location":"org.example.stepDefs.D02_loginStepDef.userLoginToTheSystemSuccessfully()"},"keyword":"Then "}],"tags":[{"name":"@smoke"}]},{"start_timestamp":"2023-02-15T08:16:40.081Z","before":[{"result":{"duration":2831500400,"status":"passed"},"match":{"location":"org.example.stepDefs.Hooks.openBrowser()"}}],"line":24,"name":"user could login with invalid email and password","description":"","id":"f02-login-|-users-could-use-login-functionality-to-use-their-accounts;user-could-login-with-invalid-email-and-password","after":[{"result":{"duration":3132029500,"status":"passed"},"match":{"location":"org.example.stepDefs.Hooks.quitDriver()"}}],"type":"scenario","keyword":"Scenario","steps":[{"result":{"duration":602671900,"status":"passed"},"line":25,"name":"user go to login page","match":{"location":"org.example.stepDefs.D02_loginStepDef.loginLink()"},"keyword":"Given "},{"result":{"duration":101289200,"status":"passed"},"line":26,"name":"user login with invalid \"wrong@example.com\" and \"P@ssw0rd\"","match":{"arguments":[{"val":"\"wrong@example.com\"","offset":24},{"val":"\"P@ssw0rd\"","offset":48}],"location":"org.example.stepDefs.D02_loginStepDef.userLoginWithAnd(java.lang.String,java.lang.String)"},"keyword":"When "},{"result":{"duration":380086700,"status":"passed"},"line":27,"name":"user press on login button","match":{"location":"org.example.stepDefs.D02_loginStepDef.userPressOnLoginButton()"},"keyword":"And "},{"result":{"duration":45274800,"status":"passed"},"line":28,"name":"user could not login to the system","match":{"location":"org.example.stepDefs.D02_loginStepDef.userCouldNotLoginToTheSystem()"},"keyword":"Then "}],"tags":[{"name":"@smoke"}]}],"name":"F02_Login | users could use login functionality to use their accounts","description":"","id":"f02-login-|-users-could-use-login-functionality-to-use-their-accounts","keyword":"Feature","uri":"file:src/main/resources/Features/F02_Login.feature","tags":[{"name":"@smoke","type":"Tag","location":{"line":1,"column":1}}]}]